SF:lib/app/core/shared/failures/sherad_preference_errors.dart
DA:5,1
LF:1
LH:1
end_of_record
SF:lib/app/core/shared/services/shared_preferences/adapters/shared_params.dart
DA:5,1
LF:1
LH:1
end_of_record
SF:lib/app/core/shared/services/shared_preferences/shared_preferences_service.dart
DA:12,1
DA:13,1
DA:15,1
DA:17,2
DA:18,2
DA:20,1
DA:21,1
DA:22,1
DA:25,1
DA:27,2
DA:28,3
DA:29,4
DA:32,3
DA:33,4
DA:35,3
DA:36,4
DA:39,3
DA:40,4
DA:43,3
DA:44,4
DA:51,0
DA:53,0
DA:55,0
DA:56,0
DA:57,0
DA:58,0
DA:59,0
DA:60,0
DA:65,1
DA:67,1
DA:68,2
DA:71,1
DA:73,2
DA:74,1
DA:77,0
DA:79,0
DA:80,0
LF:37
LH:26
end_of_record
SF:lib/app/core/shared/failures/app_exception_interface.dart
DA:2,2
LF:1
LH:1
end_of_record
SF:lib/app/core/shared/failures/exceptions.dart
DA:4,1
DA:11,1
LF:2
LH:2
end_of_record
SF:lib/app/core/shared/services/client_http/dio_client_http.dart
DA:14,1
DA:16,1
DA:18,3
DA:21,1
DA:23,3
DA:26,1
DA:29,2
DA:30,1
DA:31,1
DA:32,1
DA:33,1
DA:34,0
DA:35,0
DA:39,1
DA:45,2
DA:46,1
DA:47,1
DA:48,1
DA:49,1
DA:50,0
DA:51,0
DA:55,1
DA:58,2
DA:59,1
DA:60,1
DA:61,3
DA:62,1
DA:63,0
DA:64,0
DA:65,0
DA:68,1
DA:69,1
DA:70,0
DA:71,0
DA:75,1
DA:81,2
DA:82,1
DA:83,1
DA:84,1
DA:85,1
DA:86,0
DA:87,0
DA:91,1
DA:97,2
DA:98,0
DA:99,1
DA:100,1
DA:101,1
DA:102,0
DA:103,0
DA:107,1
DA:108,1
DA:109,1
DA:110,1
DA:111,2
DA:112,2
DA:113,3
DA:114,2
LF:58
LH:44
end_of_record
SF:lib/app/core/shared/services/client_http/i_client_http.dart
DA:17,4
DA:26,4
DA:40,0
DA:43,0
DA:45,0
LF:5
LH:2
end_of_record
SF:lib/app/core/types/either.dart
DA:9,0
DA:10,0
DA:13,0
DA:14,0
DA:17,0
DA:18,0
DA:21,0
DA:22,0
DA:25,0
DA:26,0
DA:39,19
DA:41,19
DA:43,38
DA:46,0
DA:48,0
DA:61,19
DA:63,19
DA:65,38
DA:68,0
DA:70,0
DA:74,38
DA:75,38
DA:77,3
DA:82,25
LF:24
LH:10
end_of_record
SF:lib/app/modules/course/domain/cuorso_dto/cuorso_dto.dart
DA:6,6
LF:1
LH:1
end_of_record
SF:lib/app/modules/course/domain/entities/cuorse_entity.dart
DA:8,25
LF:1
LH:1
end_of_record
SF:lib/app/modules/course/exception/course_exception.dart
DA:4,11
DA:8,11
LF:2
LH:2
end_of_record
SF:lib/app/modules/enrollment/domain/entities/enrollment_entity.dart
DA:9,8
LF:1
LH:1
end_of_record
SF:lib/app/modules/student/domain/entities/student_entity.dart
DA:8,16
LF:1
LH:1
end_of_record
SF:lib/app/modules/enrollment/domain/params_dto/enrollment_dto.dart
DA:5,7
LF:1
LH:1
end_of_record
SF:lib/app/modules/student/domain/student_dto/student_dto.dart
DA:6,7
LF:1
LH:1
end_of_record
SF:lib/app/modules/student/presenter/models/student_model.dart
DA:7,7
DA:10,0
DA:15,0
DA:16,0
DA:17,0
DA:18,0
DA:21,0
DA:22,0
DA:23,0
DA:25,0
DA:28,1
DA:29,1
DA:30,1
DA:31,1
DA:32,1
DA:35,1
DA:36,4
DA:39,1
DA:40,1
DA:41,3
DA:44,1
DA:45,2
DA:48,0
DA:50,0
DA:52,0
DA:56,0
DA:57,0
DA:58,0
DA:59,0
DA:62,0
DA:63,0
LF:31
LH:13
end_of_record
SF:lib/app/modules/course/external/datasources/course_datasource.dart
DA:14,1
DA:16,1
DA:18,2
DA:20,2
DA:21,1
DA:22,2
DA:23,1
DA:27,1
DA:30,1
DA:32,4
DA:33,5
DA:35,2
DA:36,1
DA:37,2
DA:38,1
DA:42,1
DA:45,1
DA:48,5
DA:50,2
DA:51,1
DA:52,2
DA:53,1
DA:60,1
DA:62,2
DA:63,3
DA:64,2
DA:67,2
DA:68,1
DA:69,2
DA:70,1
DA:74,1
DA:77,1
DA:79,2
DA:81,2
DA:84,2
DA:85,1
DA:86,2
DA:87,1
DA:91,1
LF:39
LH:39
end_of_record
SF:lib/app/modules/course/infra/adapters/cuorse_adapter.dart
DA:7,2
DA:8,2
DA:9,2
DA:10,2
DA:11,2
DA:12,2
DA:16,2
DA:17,2
DA:18,4
DA:19,2
DA:20,2
DA:21,5
LF:12
LH:12
end_of_record
SF:lib/app/modules/enrollment/exception/enrollment_exception.dart
DA:4,14
DA:8,14
LF:2
LH:2
end_of_record
SF:lib/app/modules/enrollment/external/datasources/enrollment_datasource.dart
DA:12,1
DA:14,1
DA:16,2
DA:18,2
DA:19,1
DA:20,2
DA:21,1
DA:25,1
DA:28,1
DA:31,5
DA:33,2
DA:34,1
DA:35,2
DA:36,1
DA:40,1
DA:43,1
DA:46,5
DA:48,2
DA:49,1
DA:50,2
DA:51,1
DA:58,1
DA:60,2
DA:61,3
DA:62,2
DA:65,2
DA:66,1
DA:67,2
DA:68,1
DA:72,1
DA:75,1
DA:77,2
DA:79,2
DA:82,2
DA:83,1
DA:84,2
DA:85,1
DA:89,1
LF:38
LH:38
end_of_record
SF:lib/app/modules/enrollment/infra/adapters/enrollment_adapter.dart
DA:6,1
DA:7,1
DA:8,1
DA:9,2
DA:10,2
DA:14,1
DA:15,1
DA:16,2
DA:17,2
DA:18,2
LF:10
LH:10
end_of_record
SF:lib/app/modules/student/infra/adapters/student_adapter.dart
DA:6,2
DA:7,2
DA:8,2
DA:9,2
DA:10,2
DA:14,2
DA:15,2
DA:16,4
DA:17,2
DA:18,4
DA:22,0
DA:24,0
LF:12
LH:10
end_of_record
SF:lib/app/modules/course/infra/repositories/course_reposytory.dart
DA:12,1
DA:14,1
DA:17,2
DA:19,1
DA:20,0
DA:22,0
DA:28,4
DA:29,1
DA:30,1
DA:31,2
DA:32,1
DA:35,0
DA:36,0
DA:37,0
DA:43,1
DA:46,2
DA:48,1
DA:49,1
DA:50,1
DA:52,0
DA:54,0
DA:56,1
DA:57,2
DA:58,1
DA:61,0
DA:62,0
DA:63,0
DA:69,1
DA:72,2
DA:74,1
DA:75,1
DA:76,1
DA:78,0
DA:80,0
DA:82,1
DA:83,2
DA:84,1
DA:87,0
DA:88,0
DA:89,0
DA:95,1
DA:98,2
DA:100,1
DA:101,2
DA:103,0
DA:105,0
DA:107,1
DA:108,2
DA:109,1
DA:112,0
DA:113,0
DA:114,0
DA:120,1
DA:123,2
DA:125,1
DA:126,0
DA:128,0
DA:132,1
DA:133,1
DA:134,2
DA:135,1
DA:138,0
DA:139,0
DA:140,0
LF:64
LH:39
end_of_record
SF:lib/app/modules/course/domain/usecasa/delete_course_usecase.dart
DA:14,1
DA:16,1
DA:19,4
DA:20,1
DA:28,2
LF:5
LH:5
end_of_record
SF:lib/app/modules/course/domain/usecasa/update_course_usecase.dart
DA:15,1
DA:17,1
DA:19,3
DA:20,0
DA:21,0
DA:23,0
DA:28,2
LF:7
LH:4
end_of_record
SF:lib/app/modules/course/domain/usecasa/get_course_usecase.dart
DA:14,1
DA:16,1
DA:18,4
DA:19,0
DA:27,2
LF:5
LH:4
end_of_record
SF:lib/app/modules/course/domain/usecasa/get_all_course_usecase.dart
DA:13,1
DA:15,1
DA:17,2
DA:18,1
DA:19,2
DA:20,2
LF:6
LH:6
end_of_record
SF:lib/app/modules/course/domain/usecasa/create_course_usecase.dart
DA:15,1
DA:17,1
DA:20,3
DA:21,0
DA:29,2
LF:5
LH:4
end_of_record
SF:lib/app/modules/enrollment/infra/repositories/enrollment_reposytory.dart
DA:14,1
DA:16,1
DA:19,2
DA:21,1
DA:22,0
DA:24,0
DA:30,4
DA:31,1
DA:32,1
DA:33,2
DA:34,1
DA:37,0
DA:38,0
DA:39,0
DA:45,1
DA:49,2
DA:51,1
DA:52,1
DA:53,1
DA:55,0
DA:57,0
DA:59,1
DA:60,2
DA:61,1
DA:64,0
DA:65,0
DA:66,0
DA:72,1
DA:76,2
DA:78,1
DA:79,1
DA:80,1
DA:82,0
DA:84,0
DA:86,1
DA:87,2
DA:88,1
DA:91,0
DA:92,0
DA:93,0
DA:99,1
DA:103,2
DA:105,1
DA:106,2
DA:108,0
DA:110,0
DA:112,1
DA:113,2
DA:114,1
DA:117,0
DA:118,0
DA:119,0
DA:125,1
DA:128,2
DA:130,1
DA:131,0
DA:133,0
DA:137,1
DA:138,1
DA:139,2
DA:140,1
DA:143,0
DA:144,0
DA:145,0
LF:64
LH:39
end_of_record
SF:lib/app/modules/enrollment/domain/usecasa/create_enrrollment_usecase.dart
DA:19,1
DA:21,1
DA:25,1
DA:26,1
DA:27,1
DA:29,1
DA:33,2
LF:7
LH:7
end_of_record
SF:lib/app/modules/enrollment/domain/usecasa/get_all_enrrollment_usecase.dart
DA:13,1
DA:15,1
DA:17,2
DA:18,1
DA:19,2
DA:20,2
LF:6
LH:6
end_of_record
SF:lib/app/modules/enrollment/domain/valeu_object/enrrollment_object.dart
DA:5,2
DA:6,16
DA:12,0
DA:16,0
DA:17,0
DA:19,0
DA:20,0
DA:21,0
LF:8
LH:2
end_of_record
SF:lib/app/modules/enrollment/domain/usecasa/update_enrrollment_usecase.dart
DA:15,1
DA:17,1
DA:19,4
DA:20,1
DA:21,1
DA:23,1
DA:27,2
LF:7
LH:7
end_of_record
SF:lib/app/modules/enrollment/domain/usecasa/delete_enrrollment_usecase.dart
DA:13,1
DA:15,1
DA:17,4
DA:18,1
DA:19,1
DA:21,1
DA:26,2
LF:7
LH:7
end_of_record
SF:lib/app/modules/enrollment/domain/usecasa/get_enrrollment_usecase.dart
DA:15,1
DA:17,1
DA:19,4
DA:20,1
DA:28,2
LF:5
LH:5
end_of_record
SF:lib/app/modules/student/exception/student_exception.dart
DA:4,28
DA:8,28
LF:2
LH:2
end_of_record
SF:lib/app/modules/student/external/datasources/student_datasource.dart
DA:12,1
DA:14,1
DA:17,2
DA:19,2
DA:20,1
DA:21,2
DA:22,1
DA:26,1
DA:29,1
DA:31,5
DA:33,2
DA:34,1
DA:35,2
DA:36,1
DA:40,1
DA:43,1
DA:45,5
DA:47,2
DA:48,1
DA:49,2
DA:50,1
DA:57,1
DA:59,2
DA:60,3
DA:61,2
DA:64,2
DA:65,1
DA:66,2
DA:67,1
DA:71,1
DA:74,1
DA:76,2
DA:78,2
DA:81,2
DA:82,1
DA:83,2
DA:84,1
DA:88,1
LF:38
LH:38
end_of_record
SF:lib/app/modules/student/infra/repositories/student_reposytory.dart
DA:13,1
DA:15,1
DA:18,2
DA:20,1
DA:21,0
DA:23,0
DA:29,4
DA:30,1
DA:31,1
DA:32,2
DA:33,1
DA:36,0
DA:37,0
DA:38,0
DA:44,1
DA:49,2
DA:51,1
DA:52,1
DA:53,1
DA:55,0
DA:57,0
DA:59,1
DA:60,2
DA:61,1
DA:64,0
DA:65,0
DA:66,0
DA:72,1
DA:76,2
DA:78,1
DA:79,1
DA:80,1
DA:82,0
DA:84,0
DA:86,1
DA:87,2
DA:88,1
DA:91,0
DA:92,0
DA:93,0
DA:99,1
DA:102,2
DA:104,1
DA:105,2
DA:107,0
DA:109,0
DA:111,1
DA:112,2
DA:113,1
DA:116,0
DA:117,0
DA:118,0
DA:124,1
DA:127,2
DA:129,1
DA:130,0
DA:132,0
DA:136,1
DA:137,1
DA:138,2
DA:139,1
DA:142,0
DA:143,0
DA:144,0
LF:64
LH:39
end_of_record
SF:lib/app/modules/student/domain/usecase/create_student_usecase.dart
DA:17,1
DA:18,1
DA:20,3
DA:21,1
DA:28,2
LF:5
LH:5
end_of_record
SF:lib/app/modules/student/domain/usecase/delete_student_usecase.dart
DA:16,1
DA:17,1
DA:19,4
DA:20,1
DA:27,2
LF:5
LH:5
end_of_record
SF:lib/app/modules/student/domain/usecase/get_all_student_usecase.dart
DA:13,1
DA:14,1
DA:16,2
DA:17,1
DA:18,2
DA:19,2
LF:6
LH:6
end_of_record
SF:lib/app/modules/student/domain/usecase/get_student_usecase.dart
DA:15,1
DA:16,1
DA:18,4
DA:19,1
DA:27,2
LF:5
LH:5
end_of_record
SF:lib/app/modules/student/domain/usecase/update_student_usecase.dart
DA:17,1
DA:18,1
DA:21,3
DA:22,0
DA:23,0
DA:25,0
DA:29,2
LF:7
LH:4
end_of_record
SF:lib/app/modules/student/presenter/blocs/event/student_event.dart
DA:11,1
DA:16,1
DA:21,0
DA:26,1
DA:32,1
DA:39,0
LF:6
LH:4
end_of_record
SF:lib/app/modules/student/presenter/blocs/state/student_state.dart
DA:15,1
DA:19,0
DA:25,1
DA:30,1
DA:35,1
DA:40,1
LF:6
LH:5
end_of_record
SF:lib/app/modules/student/presenter/blocs/student_bloc.dart
DA:23,1
DA:29,2
DA:30,2
DA:31,2
DA:32,2
DA:33,2
DA:34,2
DA:35,2
DA:36,2
DA:37,2
DA:40,1
DA:41,2
DA:44,4
DA:46,1
DA:47,2
DA:48,1
DA:49,1
DA:50,1
DA:51,1
DA:55,1
DA:56,3
DA:61,0
DA:63,0
DA:66,0
DA:68,0
DA:71,1
DA:73,2
DA:75,4
DA:76,1
DA:77,1
DA:78,1
DA:79,1
DA:80,1
DA:81,1
DA:82,1
DA:87,1
DA:88,1
DA:89,1
DA:90,1
DA:97,1
DA:99,2
DA:102,4
DA:103,1
DA:104,1
DA:105,1
DA:106,1
DA:107,1
DA:108,1
DA:109,1
DA:114,1
DA:115,2
DA:116,3
DA:121,1
DA:123,2
DA:126,4
DA:127,1
DA:128,1
DA:129,1
DA:130,1
DA:131,1
DA:134,1
DA:135,1
DA:136,1
DA:138,1
DA:143,1
DA:144,2
DA:146,0
DA:147,0
DA:148,0
DA:150,0
DA:159,1
DA:161,2
DA:163,2
DA:164,1
DA:165,1
DA:166,1
DA:167,1
DA:168,1
DA:169,1
DA:170,1
DA:175,1
DA:176,1
DA:177,2
DA:183,0
DA:185,0
LF:85
LH:75
end_of_record
